Arguments: 
  /Users/juliosoto/.nvm/versions/node/v12.18.0/bin/node /Users/juliosoto/.nvm/versions/node/v12.18.0/bin/yarn init -y

PATH: 
  /Users/juliosoto/.nvm/versions/node/v12.18.0/bin:/Users/juliosoto/.nvm/versions/node/v12.18.0/bin:/Users/juliosoto/.deno/bin:/usr/local/bin:/usr/bin:/bin:/usr/sbin:/sbin:/Users/juliosoto/.nvm/versions/node/v12.18.0/bin:/Users/juliosoto/.deno/bin:/usr/local/opt/fzf/bin

Yarn version: 
  1.22.4

Node version: 
  12.18.0

Platform: 
  darwin x64

Trace: 
  SyntaxError: /Users/juliosoto/Documents/dev/portfolio-v2/package.json: Unexpected end of JSON input
      at JSON.parse (<anonymous>)
      at /Users/juliosoto/.nvm/versions/node/v12.18.0/lib/node_modules/yarn/lib/cli.js:1625:59
      at Generator.next (<anonymous>)
      at step (/Users/juliosoto/.nvm/versions/node/v12.18.0/lib/node_modules/yarn/lib/cli.js:310:30)
      at /Users/juliosoto/.nvm/versions/node/v12.18.0/lib/node_modules/yarn/lib/cli.js:321:13

npm manifest: 
  

yarn manifest: 
  No manifest

Lockfile: 
  No lockfile
